time="2024-07-16T10:21:53Z" level=warning msg="/vagrant/vprofile-project/docker-compose.yml: `version` is obsolete"
#0 building with "default" instance using docker driver

#1 [vprodb internal] load build definition from Dockerfile
#1 transferring dockerfile: 241B done
#1 DONE 0.0s

#2 [vproapp internal] load build definition from Dockerfile
#2 transferring dockerfile: 499B done
#2 DONE 0.0s

#3 [vproweb internal] load build definition from Dockerfile
#3 transferring dockerfile: 202B done
#3 DONE 0.0s

#4 [vproweb internal] load metadata for docker.io/library/nginx:latest
#4 ...

#5 [vproapp internal] load metadata for docker.io/library/openjdk:11
#5 DONE 0.3s

#6 [vproapp internal] load metadata for docker.io/library/tomcat:9-jre11
#6 DONE 0.4s

#7 [vproapp internal] load .dockerignore
#7 transferring context: 2B done
#7 DONE 0.0s

#8 [vproapp build_image 1/4] FROM docker.io/library/openjdk:11@sha256:99bac5bf83633e3c7399aed725c8415e7b569b54e03e4599e580fc9cdb7c21ab
#8 DONE 0.0s

#9 [vproapp stage-1 1/3] FROM docker.io/library/tomcat:9-jre11@sha256:d5a50c25bf9cb42267654421465034ff2479c9b35876e40dd2fd336c79720ede
#9 DONE 0.0s

#10 [vproapp build_image 3/4] RUN git clone https://github.com/devopshydclub/vprofile-project.git
#10 CACHED

#11 [vproapp build_image 2/4] RUN apt update && apt install maven -y
#11 CACHED

#12 [vproapp stage-1 2/3] RUN rm -rf /usr/local/tomcat/webapps/*
#12 CACHED

#13 [vproapp build_image 4/4] RUN cd vprofile-project && git checkout docker && mvn install
#13 CACHED

#14 [vproapp stage-1 3/3] COPY --from=build_image vprofile-project/target/vprofile-v2.war /usr/loacl/tomcat/webapps/ROOT.war
#14 CACHED

#15 [vproapp] exporting to image
#15 exporting layers done
#15 writing image sha256:e9b438b826a046ac0d96d0ad31a302c8da12c4e40bb5587765e8d4bd84d6198d done
#15 naming to docker.io/pointsofdata/vprofileapp done
#15 DONE 0.0s

#16 [vprodb internal] load metadata for docker.io/library/mysql:8.0.33
#16 DONE 0.4s

#4 [vproweb internal] load metadata for docker.io/library/nginx:latest
#4 DONE 0.4s

#17 [vprodb internal] load .dockerignore
#17 transferring context: 2B done
#17 DONE 0.0s

#18 [vproweb internal] load .dockerignore
#18 transferring context: 2B done
#18 DONE 0.0s

#19 [vprodb 1/2] FROM docker.io/library/mysql:8.0.33@sha256:ea68e51ffe9b96fef6076f1218af11301aeaf13c6201e0ec9aaef5791d5ddc5d
#19 DONE 0.0s

#20 [vproweb 1/3] FROM docker.io/library/nginx:latest@sha256:67682bda769fae1ccf5183192b8daf37b64cae99c6c3302650f6f8bf5f0f95df
#20 DONE 0.0s

#21 [vprodb internal] load build context
#21 transferring context: 35B done
#21 DONE 0.0s

#22 [vproweb internal] load build context
#22 transferring context: 37B done
#22 DONE 0.0s

#23 [vprodb 2/2] ADD db_backup.sql docker-entrypoint-initdb.d/db_backup.sql
#23 CACHED

#24 [vproweb 2/3] RUN rm -rf /etc/nginx/conf.d/default.conf.d
#24 CACHED

#25 [vproweb 3/3] COPY nginvproapp.conf /etc/nginx/conf.d/vproapp.conf
#25 CACHED

#26 [vprodb] exporting to image
#26 exporting layers done
#26 writing image sha256:e2fe9bba124c663123d691a03f23fb78c426a05c12fb7072eb4144adc53a6774 done
#26 naming to docker.io/pointsofdata/vprofiledb done
#26 DONE 0.0s

#27 [vproweb] exporting to image
#27 exporting layers done
#27 writing image sha256:9e55d56b8d9e8c1dcd7a4168fdbd71bb200e6a004ca841162f36789c38d5716b done
#27 naming to docker.io/pointsofdata/vprofileweb done
#27 DONE 0.0s
