time="2024-07-16T10:23:39Z" level=warning msg="/vagrant/vprofile-project/docker-compose.yml: `version` is obsolete"
 vpromq01 Pulling 
 vprocache01 Pulling 
 f11c1adaa26e Already exists 
 488bc51a7d57 Pulling fs layer 
 9382790c27e5 Pulling fs layer 
 2e0dfdf9a24f Pulling fs layer 
 67c6b75b3152 Pulling fs layer 
 24176f2b5383 Pulling fs layer 
 67c6b75b3152 Waiting 
 24176f2b5383 Waiting 
 3713021b0277 Already exists 
 b14cec4262f4 Pulling fs layer 
 bd0f227bac51 Pulling fs layer 
 a10de74f6eee Pulling fs layer 
 4ee12d51ba41 Pulling fs layer 
 51c1ad8a4edb Pulling fs layer 
 d019e3c1ad7a Pulling fs layer 
 4f7eb43494cd Pulling fs layer 
 b17c4cbcb5a3 Pulling fs layer 
 bd0f227bac51 Waiting 
 a10de74f6eee Waiting 
 4ee12d51ba41 Waiting 
 51c1ad8a4edb Waiting 
 d019e3c1ad7a Waiting 
 4f7eb43494cd Waiting 
 b17c4cbcb5a3 Waiting 
 b14cec4262f4 Waiting 
 9382790c27e5 Downloading [>                                                  ]  26.01kB/2.489MB
 488bc51a7d57 Downloading [================================>                  ]     719B/1.105kB
 488bc51a7d57 Downloading [==================================================>]  1.105kB/1.105kB
 488bc51a7d57 Verifying Checksum 
 488bc51a7d57 Download complete 
 488bc51a7d57 Extracting [==================================================>]  1.105kB/1.105kB
 488bc51a7d57 Extracting [==================================================>]  1.105kB/1.105kB
 2e0dfdf9a24f Downloading [>                                                  ]  13.04kB/1.254MB
 488bc51a7d57 Pull complete 
 2e0dfdf9a24f Verifying Checksum 
 2e0dfdf9a24f Download complete 
 9382790c27e5 Verifying Checksum 
 9382790c27e5 Extracting [>                                                  ]  32.77kB/2.489MB
 9382790c27e5 Extracting [==================================================>]  2.489MB/2.489MB
 9382790c27e5 Extracting [==================================================>]  2.489MB/2.489MB
 9382790c27e5 Pull complete 
 2e0dfdf9a24f Extracting [=>                                                 ]  32.77kB/1.254MB
 2e0dfdf9a24f Extracting [==================================================>]  1.254MB/1.254MB
 2e0dfdf9a24f Pull complete 
 67c6b75b3152 Downloading [==================================================>]     283B/283B
 67c6b75b3152 Verifying Checksum 
 67c6b75b3152 Download complete 
 67c6b75b3152 Extracting [==================================================>]     283B/283B
 67c6b75b3152 Extracting [==================================================>]     283B/283B
 67c6b75b3152 Pull complete 
 24176f2b5383 Downloading [==================================================>]     122B/122B
 24176f2b5383 Downloading [==================================================>]     122B/122B
 24176f2b5383 Download complete 
 24176f2b5383 Extracting [==================================================>]     122B/122B
 24176f2b5383 Extracting [==================================================>]     122B/122B
 24176f2b5383 Pull complete 
 vprocache01 Pulled 
 b14cec4262f4 Downloading [>                                                  ]  461.1kB/46.02MB
 b14cec4262f4 Downloading [=====>                                             ]  4.684MB/46.02MB
 b14cec4262f4 Downloading [==========>                                        ]  9.861MB/46.02MB
 bd0f227bac51 Downloading [>                                                  ]  77.48kB/7.484MB
 b14cec4262f4 Downloading [===============>                                   ]  14.06MB/46.02MB
 a10de74f6eee Downloading [===>                                               ]     719B/10.74kB
 a10de74f6eee Download complete 
 bd0f227bac51 Downloading [====>                                              ]  719.1kB/7.484MB
 b14cec4262f4 Downloading [=====================>                             ]  20.18MB/46.02MB
 bd0f227bac51 Downloading [==============>                                    ]  2.202MB/7.484MB
 b14cec4262f4 Downloading [=========================>                         ]  23.49MB/46.02MB
 b14cec4262f4 Downloading [===========================>                       ]  25.38MB/46.02MB
 bd0f227bac51 Downloading [==========================>                        ]  4.008MB/7.484MB
 bd0f227bac51 Verifying Checksum 
 bd0f227bac51 Download complete 
 b14cec4262f4 Downloading [========================================>          ]  37.12MB/46.02MB
 b14cec4262f4 Downloading [==================================================>]  46.02MB/46.02MB
 b14cec4262f4 Verifying Checksum 
 b14cec4262f4 Download complete 
 b14cec4262f4 Extracting [>                                                  ]  491.5kB/46.02MB
 b14cec4262f4 Extracting [======>                                            ]  5.898MB/46.02MB
 b14cec4262f4 Extracting [============>                                      ]   11.3MB/46.02MB
 4ee12d51ba41 Downloading [>                                                  ]  216.8kB/21.56MB
 51c1ad8a4edb Downloading [==================================================>]     189B/189B
 51c1ad8a4edb Verifying Checksum 
 51c1ad8a4edb Download complete 
 b14cec4262f4 Extracting [=================>                                 ]  16.22MB/46.02MB
 4ee12d51ba41 Downloading [==========>                                        ]  4.524MB/21.56MB
 b14cec4262f4 Extracting [=====================>                             ]  19.66MB/46.02MB
 d019e3c1ad7a Downloading [==================================================>]     109B/109B
 d019e3c1ad7a Verifying Checksum 
 d019e3c1ad7a Download complete 
 4ee12d51ba41 Downloading [=======================>                           ]  9.931MB/21.56MB
 b14cec4262f4 Extracting [==========================>                        ]  24.08MB/46.02MB
 4ee12d51ba41 Downloading [========================================>          ]  17.42MB/21.56MB
 4ee12d51ba41 Verifying Checksum 
 4ee12d51ba41 Download complete 
 b14cec4262f4 Extracting [================================>                  ]  29.49MB/46.02MB
 b14cec4262f4 Extracting [======================================>            ]  35.39MB/46.02MB
 4f7eb43494cd Downloading [==================================================>]     615B/615B
 4f7eb43494cd Verifying Checksum 
 4f7eb43494cd Download complete 
 b14cec4262f4 Extracting [================================================>  ]  44.24MB/46.02MB
 b14cec4262f4 Extracting [==================================================>]  46.02MB/46.02MB
 b14cec4262f4 Pull complete 
 bd0f227bac51 Extracting [>                                                  ]   98.3kB/7.484MB
 b17c4cbcb5a3 Downloading [===========================================>       ]     721B/832B
 b17c4cbcb5a3 Downloading [==================================================>]     832B/832B
 b17c4cbcb5a3 Verifying Checksum 
 b17c4cbcb5a3 Download complete 
 bd0f227bac51 Extracting [=====================================>             ]  5.603MB/7.484MB
 bd0f227bac51 Extracting [==================================================>]  7.484MB/7.484MB
 bd0f227bac51 Pull complete 
 a10de74f6eee Extracting [==================================================>]  10.74kB/10.74kB
 a10de74f6eee Extracting [==================================================>]  10.74kB/10.74kB
 a10de74f6eee Pull complete 
 4ee12d51ba41 Extracting [>                                                  ]  229.4kB/21.56MB
 4ee12d51ba41 Extracting [==============>                                    ]  6.193MB/21.56MB
 4ee12d51ba41 Extracting [==========================>                        ]  11.47MB/21.56MB
 4ee12d51ba41 Extracting [====================================>              ]  15.83MB/21.56MB
 4ee12d51ba41 Extracting [==========================================>        ]  18.35MB/21.56MB
 4ee12d51ba41 Extracting [===============================================>   ]  20.64MB/21.56MB
 4ee12d51ba41 Extracting [================================================>  ]  20.87MB/21.56MB
 4ee12d51ba41 Extracting [==================================================>]  21.56MB/21.56MB
 4ee12d51ba41 Extracting [==================================================>]  21.56MB/21.56MB
 4ee12d51ba41 Pull complete 
 51c1ad8a4edb Extracting [==================================================>]     189B/189B
 51c1ad8a4edb Extracting [==================================================>]     189B/189B
 51c1ad8a4edb Pull complete 
 d019e3c1ad7a Extracting [==================================================>]     109B/109B
 d019e3c1ad7a Extracting [==================================================>]     109B/109B
 d019e3c1ad7a Pull complete 
 4f7eb43494cd Extracting [==================================================>]     615B/615B
 4f7eb43494cd Extracting [==================================================>]     615B/615B
 4f7eb43494cd Pull complete 
 b17c4cbcb5a3 Extracting [==================================================>]     832B/832B
 b17c4cbcb5a3 Extracting [==================================================>]     832B/832B
 b17c4cbcb5a3 Pull complete 
 vpromq01 Pulled 
 Container vproapp  Creating
 Container vprodb  Creating
 Container vprofile-project-vpromq01-1  Creating
 Container vprofile-project-vprocache01-1  Creating
 Container vproweb  Creating
 Container vprodb  Created
 Container vproapp  Created
 Container vprofile-project-vprocache01-1  Created
 Container vproweb  Created
 Container vprofile-project-vpromq01-1  Created
Attaching to vproapp, vprodb, vprocache01-1, vpromq01-1, vproweb
vproapp        | NOTE: Picked up JDK_JAVA_OPTIONS:  --add-opens=java.base/java.lang=ALL-UNNAMED --add-opens=java.base/java.io=ALL-UNNAMED --add-opens=java.base/java.util=ALL-UNNAMED --add-opens=java.base/java.util.concurrent=ALL-UNNAMED --add-opens=java.rmi/sun.rmi.transport=ALL-UNNAMED
vproweb        | /docker-entrypoint.sh: /docker-entrypoint.d/ is not empty, will attempt to perform configuration
vproweb        | /docker-entrypoint.sh: Looking for shell scripts in /docker-entrypoint.d/
vproweb        | /docker-entrypoint.sh: Launching /docker-entrypoint.d/10-listen-on-ipv6-by-default.sh
vproweb        | 10-listen-on-ipv6-by-default.sh: info: Getting the checksum of /etc/nginx/conf.d/default.conf
vproweb        | 10-listen-on-ipv6-by-default.sh: info: Enabled listen on IPv6 in /etc/nginx/conf.d/default.conf
vproweb        | /docker-entrypoint.sh: Sourcing /docker-entrypoint.d/15-local-resolvers.envsh
vproweb        | /docker-entrypoint.sh: Launching /docker-entrypoint.d/20-envsubst-on-templates.sh
vproweb        | /docker-entrypoint.sh: Launching /docker-entrypoint.d/30-tune-worker-processes.sh
vproweb        | /docker-entrypoint.sh: Configuration complete; ready for start up
vprodb         | 2024-07-16 10:23:46+00:00 [Note] [Entrypoint]: Entrypoint script for MySQL Server 8.0.33-1.el8 started.
vproweb        | 2024/07/16 10:23:46 [notice] 1#1: using the "epoll" event method
vproweb        | 2024/07/16 10:23:46 [notice] 1#1: nginx/1.27.0
vproweb        | 2024/07/16 10:23:46 [notice] 1#1: built by gcc 12.2.0 (Debian 12.2.0-14) 
vproweb        | 2024/07/16 10:23:46 [notice] 1#1: OS: Linux 5.15.0-102-generic
vproweb        | 2024/07/16 10:23:46 [notice] 1#1: getrlimit(RLIMIT_NOFILE): 1048576:1048576
vproweb        | 2024/07/16 10:23:46 [notice] 1#1: start worker processes
vproweb        | 2024/07/16 10:23:46 [notice] 1#1: start worker process 29
vproweb        | 2024/07/16 10:23:46 [notice] 1#1: start worker process 30
vprodb         | 2024-07-16 10:23:46+00:00 [Note] [Entrypoint]: Switching to dedicated user 'mysql'
vprodb         | 2024-07-16 10:23:46+00:00 [Note] [Entrypoint]: Entrypoint script for MySQL Server 8.0.33-1.el8 started.
vprodb         | '/var/lib/mysql/mysql.sock' -> '/var/run/mysqld/mysqld.sock'
vpromq01-1     | =INFO REPORT==== 16-Jul-2024::10:23:46.749314 ===
vpromq01-1     |     alarm_handler: {set,{system_memory_high_watermark,[]}}
vprodb         | 2024-07-16T10:23:46.852212Z 0 [Warning] [MY-011068] [Server] The syntax '--skip-host-cache' is deprecated and will be removed in a future release. Please use SET GLOBAL host_cache_size=0 instead.
vprodb         | 2024-07-16T10:23:46.853105Z 0 [System] [MY-010116] [Server] /usr/sbin/mysqld (mysqld 8.0.33) starting as process 1
vprodb         | 2024-07-16T10:23:46.863393Z 1 [System] [MY-013576] [InnoDB] InnoDB initialization has started.
vprodb         | 2024-07-16T10:23:47.141055Z 1 [System] [MY-013577] [InnoDB] InnoDB initialization has ended.
vprodb         | 2024-07-16T10:23:47.412154Z 0 [Warning] [MY-010068] [Server] CA certificate ca.pem is self signed.
vprodb         | 2024-07-16T10:23:47.412214Z 0 [System] [MY-013602] [Server] Channel mysql_main configured to support TLS. Encrypted connections are now supported for this channel.
vprodb         | 2024-07-16T10:23:47.413839Z 0 [Warning] [MY-011810] [Server] Insecure configuration for --pid-file: Location '/var/run/mysqld' in the path is accessible to all OS users. Consider choosing a different directory.
vprodb         | 2024-07-16T10:23:47.439688Z 0 [System] [MY-011323] [Server] X Plugin ready for connections. Bind-address: '::' port: 33060, socket: /var/run/mysqld/mysqlx.sock
vprodb         | 2024-07-16T10:23:47.439809Z 0 [System] [MY-010931] [Server] /usr/sbin/mysqld: ready for connections. Version: '8.0.33'  socket: '/var/run/mysqld/mysqld.sock'  port: 3306  MySQL Community Server - GPL.
vproapp        | 16-Jul-2024 10:23:47.463 INFO [main] org.apache.catalina.startup.VersionLoggerListener.log Server version name:   Apache Tomcat/9.0.91
vproapp        | 16-Jul-2024 10:23:47.473 INFO [main] org.apache.catalina.startup.VersionLoggerListener.log Server built:          Jul 2 2024 12:35:51 UTC
vproapp        | 16-Jul-2024 10:23:47.474 INFO [main] org.apache.catalina.startup.VersionLoggerListener.log Server version number: 9.0.91.0
vproapp        | 16-Jul-2024 10:23:47.474 INFO [main] org.apache.catalina.startup.VersionLoggerListener.log OS Name:               Linux
vproapp        | 16-Jul-2024 10:23:47.474 INFO [main] org.apache.catalina.startup.VersionLoggerListener.log OS Version:            5.15.0-102-generic
vproapp        | 16-Jul-2024 10:23:47.474 INFO [main] org.apache.catalina.startup.VersionLoggerListener.log Architecture:          amd64
vproapp        | 16-Jul-2024 10:23:47.475 INFO [main] org.apache.catalina.startup.VersionLoggerListener.log Java Home:             /opt/java/openjdk
vproapp        | 16-Jul-2024 10:23:47.475 INFO [main] org.apache.catalina.startup.VersionLoggerListener.log JVM Version:           11.0.23+9
vproapp        | 16-Jul-2024 10:23:47.476 INFO [main] org.apache.catalina.startup.VersionLoggerListener.log JVM Vendor:            Eclipse Adoptium
vproapp        | 16-Jul-2024 10:23:47.476 INFO [main] org.apache.catalina.startup.VersionLoggerListener.log CATALINA_BASE:         /usr/local/tomcat
vproapp        | 16-Jul-2024 10:23:47.476 INFO [main] org.apache.catalina.startup.VersionLoggerListener.log CATALINA_HOME:         /usr/local/tomcat
vproapp        | 16-Jul-2024 10:23:47.497 INFO [main] org.apache.catalina.startup.VersionLoggerListener.log Command line argument: --add-opens=java.base/java.lang=ALL-UNNAMED
vproapp        | 16-Jul-2024 10:23:47.498 INFO [main] org.apache.catalina.startup.VersionLoggerListener.log Command line argument: --add-opens=java.base/java.io=ALL-UNNAMED
vproapp        | 16-Jul-2024 10:23:47.498 INFO [main] org.apache.catalina.startup.VersionLoggerListener.log Command line argument: --add-opens=java.base/java.util=ALL-UNNAMED
vproapp        | 16-Jul-2024 10:23:47.499 INFO [main] org.apache.catalina.startup.VersionLoggerListener.log Command line argument: --add-opens=java.base/java.util.concurrent=ALL-UNNAMED
vproapp        | 16-Jul-2024 10:23:47.499 INFO [main] org.apache.catalina.startup.VersionLoggerListener.log Command line argument: --add-opens=java.rmi/sun.rmi.transport=ALL-UNNAMED
vproapp        | 16-Jul-2024 10:23:47.499 INFO [main] org.apache.catalina.startup.VersionLoggerListener.log Command line argument: -Djava.util.logging.config.file=/usr/local/tomcat/conf/logging.properties
vproapp        | 16-Jul-2024 10:23:47.512 INFO [main] org.apache.catalina.startup.VersionLoggerListener.log Command line argument: -Djava.util.logging.manager=org.apache.juli.ClassLoaderLogManager
vproapp        | 16-Jul-2024 10:23:47.512 INFO [main] org.apache.catalina.startup.VersionLoggerListener.log Command line argument: -Djdk.tls.ephemeralDHKeySize=2048
vproapp        | 16-Jul-2024 10:23:47.512 INFO [main] org.apache.catalina.startup.VersionLoggerListener.log Command line argument: -Djava.protocol.handler.pkgs=org.apache.catalina.webresources
vproapp        | 16-Jul-2024 10:23:47.513 INFO [main] org.apache.catalina.startup.VersionLoggerListener.log Command line argument: -Dorg.apache.catalina.security.SecurityListener.UMASK=0027
vproapp        | 16-Jul-2024 10:23:47.513 INFO [main] org.apache.catalina.startup.VersionLoggerListener.log Command line argument: -Dignore.endorsed.dirs=
vproapp        | 16-Jul-2024 10:23:47.513 INFO [main] org.apache.catalina.startup.VersionLoggerListener.log Command line argument: -Dcatalina.base=/usr/local/tomcat
vproapp        | 16-Jul-2024 10:23:47.513 INFO [main] org.apache.catalina.startup.VersionLoggerListener.log Command line argument: -Dcatalina.home=/usr/local/tomcat
vproapp        | 16-Jul-2024 10:23:47.513 INFO [main] org.apache.catalina.startup.VersionLoggerListener.log Command line argument: -Djava.io.tmpdir=/usr/local/tomcat/temp
vproapp        | 16-Jul-2024 10:23:47.525 INFO [main] org.apache.catalina.core.AprLifecycleListener.lifecycleEvent Loaded Apache Tomcat Native library [1.3.0] using APR version [1.7.0].
vproapp        | 16-Jul-2024 10:23:47.525 INFO [main] org.apache.catalina.core.AprLifecycleListener.lifecycleEvent APR capabilities: IPv6 [true], sendfile [true], accept filters [false], random [true], UDS [true].
vproapp        | 16-Jul-2024 10:23:47.525 INFO [main] org.apache.catalina.core.AprLifecycleListener.lifecycleEvent APR/OpenSSL configuration: useAprConnector [false], useOpenSSL [true]
vproapp        | 16-Jul-2024 10:23:47.544 INFO [main] org.apache.catalina.core.AprLifecycleListener.initializeSSL OpenSSL successfully initialized [OpenSSL 3.0.2 15 Mar 2022]
vproapp        | 16-Jul-2024 10:23:48.237 INFO [main] org.apache.coyote.AbstractProtocol.init Initializing ProtocolHandler ["http-nio-8080"]
vproapp        | 16-Jul-2024 10:23:48.292 INFO [main] org.apache.catalina.startup.Catalina.load Server initialization in [1557] milliseconds
vproapp        | 16-Jul-2024 10:23:48.437 INFO [main] org.apache.catalina.core.StandardService.startInternal Starting service [Catalina]
vproapp        | 16-Jul-2024 10:23:48.438 INFO [main] org.apache.catalina.core.StandardEngine.startInternal Starting Servlet engine: [Apache Tomcat/9.0.91]
vproapp        | 16-Jul-2024 10:23:48.464 INFO [main] org.apache.coyote.AbstractProtocol.start Starting ProtocolHandler ["http-nio-8080"]
vproapp        | 16-Jul-2024 10:23:48.502 INFO [main] org.apache.catalina.startup.Catalina.start Server startup in [201] milliseconds
vpromq01-1     | 2024-07-16 10:23:49.307849+00:00 [notice] <0.44.0> Application syslog exited with reason: stopped
vpromq01-1     | 2024-07-16 10:23:49.311209+00:00 [notice] <0.254.0> Logging: switching to configured handler(s); following messages may not be visible in this log output
vpromq01-1     | [38;5;87m2024-07-16 10:23:49.311805+00:00 [notice] <0.254.0> Logging: configured log handlers are now ACTIVE[0m
vpromq01-1     | 2024-07-16 10:23:49.316632+00:00 [info] <0.254.0> ra: starting system quorum_queues[0m
vpromq01-1     | 2024-07-16 10:23:49.316668+00:00 [info] <0.254.0> starting Ra system: quorum_queues in directory: /var/lib/rabbitmq/mnesia/rabbit@313128f93d5e/quorum/rabbit@313128f93d5e[0m
vpromq01-1     | 2024-07-16 10:23:49.353539+00:00 [info] <0.268.0> ra system 'quorum_queues' running pre init for 0 registered servers[0m
vpromq01-1     | 2024-07-16 10:23:49.358983+00:00 [info] <0.269.0> ra: meta data store initialised for system quorum_queues. 0 record(s) recovered[0m
vpromq01-1     | [38;5;87m2024-07-16 10:23:49.367009+00:00 [notice] <0.274.0> WAL: ra_log_wal init, open tbls: ra_log_open_mem_tables, closed tbls: ra_log_closed_mem_tables[0m
vpromq01-1     | 2024-07-16 10:23:49.375983+00:00 [info] <0.254.0> ra: starting system coordination[0m
vpromq01-1     | 2024-07-16 10:23:49.376024+00:00 [info] <0.254.0> starting Ra system: coordination in directory: /var/lib/rabbitmq/mnesia/rabbit@313128f93d5e/coordination/rabbit@313128f93d5e[0m
vpromq01-1     | 2024-07-16 10:23:49.376848+00:00 [info] <0.282.0> ra system 'coordination' running pre init for 0 registered servers[0m
vpromq01-1     | 2024-07-16 10:23:49.377316+00:00 [info] <0.283.0> ra: meta data store initialised for system coordination. 0 record(s) recovered[0m
vpromq01-1     | [38;5;87m2024-07-16 10:23:49.377473+00:00 [notice] <0.288.0> WAL: ra_coordination_log_wal init, open tbls: ra_coordination_log_open_mem_tables, closed tbls: ra_coordination_log_closed_mem_tables[0m
vpromq01-1     | 2024-07-16 10:23:49.379311+00:00 [info] <0.254.0> ra: starting system coordination[0m
vpromq01-1     | 2024-07-16 10:23:49.379339+00:00 [info] <0.254.0> starting Ra system: coordination in directory: /var/lib/rabbitmq/mnesia/rabbit@313128f93d5e/coordination/rabbit@313128f93d5e[0m
vpromq01-1     | 2024-07-16 10:23:49.433608+00:00 [info] <0.254.0> Waiting for Khepri leader for 30000 ms, 9 retries left[0m
vpromq01-1     | [38;5;87m2024-07-16 10:23:49.436865+00:00 [notice] <0.292.0> RabbitMQ metadata store: candidate -> leader in term: 1 machine version: 0[0m
vpromq01-1     | 2024-07-16 10:23:49.459938+00:00 [info] <0.254.0> Khepri leader elected[0m
vpromq01-1     | 2024-07-16 10:23:49.705437+00:00 [info] <0.254.0> [0m
vpromq01-1     | 2024-07-16 10:23:49.705437+00:00 [info] <0.254.0>  Starting RabbitMQ 3.13.4 on Erlang 26.2.5.2 [jit][0m
vpromq01-1     | 2024-07-16 10:23:49.705437+00:00 [info] <0.254.0>  Copyright (c) 2007-2024 Broadcom Inc and/or its subsidiaries[0m
vpromq01-1     | 2024-07-16 10:23:49.705437+00:00 [info] <0.254.0>  Licensed under the MPL 2.0. Website: https://rabbitmq.com[0m
vpromq01-1     | 
vpromq01-1     |   ##  ##      RabbitMQ 3.13.4
vpromq01-1     |   ##  ##
vpromq01-1     |   ##########  Copyright (c) 2007-2024 Broadcom Inc and/or its subsidiaries
vpromq01-1     |   ######  ##
vpromq01-1     |   ##########  Licensed under the MPL 2.0. Website: https://rabbitmq.com
vpromq01-1     | 
vpromq01-1     |   Erlang:      26.2.5.2 [jit]
vpromq01-1     |   TLS Library: OpenSSL - OpenSSL 3.1.6 4 Jun 2024
vpromq01-1     |   Release series support status: see https://www.rabbitmq.com/release-information
vpromq01-1     | 
vpromq01-1     |   Doc guides:  https://www.rabbitmq.com/docs
vpromq01-1     |   Support:     https://www.rabbitmq.com/docs/contact
vpromq01-1     |   Tutorials:   https://www.rabbitmq.com/tutorials
vpromq01-1     |   Monitoring:  https://www.rabbitmq.com/docs/monitoring
vpromq01-1     |   Upgrading:   https://www.rabbitmq.com/docs/upgrade
vpromq01-1     | 
vpromq01-1     |   Logs: <stdout>
vpromq01-1     | 
vpromq01-1     |   Config file(s): /etc/rabbitmq/conf.d/10-defaults.conf
vpromq01-1     |                   /etc/rabbitmq/conf.d/20-management_agent.disable_metrics_collector.conf
vpromq01-1     | 
vpromq01-1     |   Starting broker...2024-07-16 10:23:49.706997+00:00 [info] <0.254.0> [0m
vpromq01-1     | 2024-07-16 10:23:49.706997+00:00 [info] <0.254.0>  node           : rabbit@313128f93d5e[0m
vpromq01-1     | 2024-07-16 10:23:49.706997+00:00 [info] <0.254.0>  home dir       : /var/lib/rabbitmq[0m
vpromq01-1     | 2024-07-16 10:23:49.706997+00:00 [info] <0.254.0>  config file(s) : /etc/rabbitmq/conf.d/10-defaults.conf[0m
vpromq01-1     | 2024-07-16 10:23:49.706997+00:00 [info] <0.254.0>                 : /etc/rabbitmq/conf.d/20-management_agent.disable_metrics_collector.conf[0m
vpromq01-1     | 2024-07-16 10:23:49.706997+00:00 [info] <0.254.0>  cookie hash    : 3aXhcyx+Y2ntvNep1G0Vxw==[0m
vpromq01-1     | 2024-07-16 10:23:49.706997+00:00 [info] <0.254.0>  log(s)         : <stdout>[0m
vpromq01-1     | 2024-07-16 10:23:49.706997+00:00 [info] <0.254.0>  data dir       : /var/lib/rabbitmq/mnesia/rabbit@313128f93d5e[0m
vpromq01-1     | 2024-07-16 10:23:49.871432+00:00 [info] <0.254.0> Running boot step pre_boot defined by app rabbit[0m
vpromq01-1     | 2024-07-16 10:23:49.871483+00:00 [info] <0.254.0> Running boot step rabbit_global_counters defined by app rabbit[0m
vpromq01-1     | 2024-07-16 10:23:49.872077+00:00 [info] <0.254.0> Running boot step rabbit_osiris_metrics defined by app rabbit[0m
vpromq01-1     | 2024-07-16 10:23:49.872150+00:00 [info] <0.254.0> Running boot step rabbit_core_metrics defined by app rabbit[0m
vpromq01-1     | 2024-07-16 10:23:49.879361+00:00 [info] <0.254.0> Running boot step rabbit_alarm defined by app rabbit[0m
vpromq01-1     | 2024-07-16 10:23:49.885486+00:00 [info] <0.329.0> Memory high watermark set to 1564 MiB (1640813363 bytes) of 3912 MiB (4102033408 bytes) total[0m
vpromq01-1     | 2024-07-16 10:23:49.887496+00:00 [info] <0.331.0> Enabling free disk space monitoring (disk free space: 22757801984, total memory: 4102033408)[0m
vpromq01-1     | 2024-07-16 10:23:49.887536+00:00 [info] <0.331.0> Disk free limit set to 50MB[0m
vpromq01-1     | 2024-07-16 10:23:49.888826+00:00 [info] <0.254.0> Running boot step code_server_cache defined by app rabbit[0m
vpromq01-1     | 2024-07-16 10:23:49.888880+00:00 [info] <0.254.0> Running boot step file_handle_cache defined by app rabbit[0m
vpromq01-1     | 2024-07-16 10:23:49.894378+00:00 [info] <0.334.0> Limiting to approx 1048479 file handles (943629 sockets)[0m
vpromq01-1     | 2024-07-16 10:23:49.894489+00:00 [info] <0.335.0> FHC read buffering: OFF[0m
vpromq01-1     | 2024-07-16 10:23:49.894522+00:00 [info] <0.335.0> FHC write buffering: ON[0m
vpromq01-1     | 2024-07-16 10:23:49.895109+00:00 [info] <0.254.0> Running boot step worker_pool defined by app rabbit[0m
vpromq01-1     | 2024-07-16 10:23:49.895153+00:00 [info] <0.315.0> Will use 2 processes for default worker pool[0m
vpromq01-1     | 2024-07-16 10:23:49.895183+00:00 [info] <0.315.0> Starting worker pool 'worker_pool' with 2 processes in it[0m
vpromq01-1     | 2024-07-16 10:23:49.895569+00:00 [info] <0.254.0> Running boot step database defined by app rabbit[0m
vpromq01-1     | 2024-07-16 10:23:49.896020+00:00 [info] <0.254.0> Peer discovery: configured backend: rabbit_peer_discovery_classic_config[0m
vpromq01-1     | [38;5;87m2024-07-16 10:23:49.896762+00:00 [notice] <0.316.0> Feature flags: attempt to enable `quorum_queue_non_voters`...[0m
vpromq01-1     | [38;5;87m2024-07-16 10:23:49.993990+00:00 [notice] <0.316.0> Feature flags: `quorum_queue_non_voters` enabled[0m
vpromq01-1     | [38;5;87m2024-07-16 10:23:49.994080+00:00 [notice] <0.316.0> Feature flags: attempt to enable `stream_update_config_command`...[0m
vpromq01-1     | [38;5;87m2024-07-16 10:23:50.092386+00:00 [notice] <0.316.0> Feature flags: `stream_update_config_command` enabled[0m
vpromq01-1     | [38;5;87m2024-07-16 10:23:50.092496+00:00 [notice] <0.316.0> Feature flags: attempt to enable `stream_filtering`...[0m
vpromq01-1     | [38;5;87m2024-07-16 10:23:50.191495+00:00 [notice] <0.316.0> Feature flags: `stream_filtering` enabled[0m
vpromq01-1     | [38;5;87m2024-07-16 10:23:50.191592+00:00 [notice] <0.316.0> Feature flags: attempt to enable `stream_sac_coordinator_unblock_group`...[0m
vpromq01-1     | [38;5;87m2024-07-16 10:23:50.287685+00:00 [notice] <0.316.0> Feature flags: `stream_sac_coordinator_unblock_group` enabled[0m
vpromq01-1     | [38;5;87m2024-07-16 10:23:50.287801+00:00 [notice] <0.316.0> Feature flags: attempt to enable `restart_streams`...[0m
vpromq01-1     | [38;5;87m2024-07-16 10:23:50.384115+00:00 [notice] <0.316.0> Feature flags: `restart_streams` enabled[0m
vpromq01-1     | [38;5;87m2024-07-16 10:23:50.384204+00:00 [notice] <0.316.0> Feature flags: attempt to enable `message_containers`...[0m
vpromq01-1     | [38;5;87m2024-07-16 10:23:50.478341+00:00 [notice] <0.316.0> Feature flags: `message_containers` enabled[0m
vpromq01-1     | [38;5;87m2024-07-16 10:23:50.478471+00:00 [notice] <0.316.0> Feature flags: attempt to enable `message_containers_deaths_v2`...[0m
vpromq01-1     | [38;5;87m2024-07-16 10:23:50.573194+00:00 [notice] <0.316.0> Feature flags: `message_containers_deaths_v2` enabled[0m
vpromq01-1     | 2024-07-16 10:23:50.574170+00:00 [info] <0.254.0> DB: virgin node -> run peer discovery[0m
vpromq01-1     | [38;5;87m2024-07-16 10:23:50.580021+00:00 [notice] <0.44.0> Application mnesia exited with reason: stopped[0m
vpromq01-1     | 2024-07-16 10:23:50.673860+00:00 [info] <0.254.0> Waiting for Mnesia tables for 30000 ms, 9 retries left[0m
vpromq01-1     | 2024-07-16 10:23:50.674040+00:00 [info] <0.254.0> Successfully synced tables from a peer[0m
vpromq01-1     | 2024-07-16 10:23:50.674236+00:00 [info] <0.254.0> Waiting for Mnesia tables for 30000 ms, 9 retries left[0m
vpromq01-1     | 2024-07-16 10:23:50.674396+00:00 [info] <0.254.0> Successfully synced tables from a peer[0m
vpromq01-1     | 2024-07-16 10:23:50.678079+00:00 [info] <0.254.0> Waiting for Mnesia tables for 30000 ms, 9 retries left[0m
vpromq01-1     | 2024-07-16 10:23:50.678145+00:00 [info] <0.254.0> Successfully synced tables from a peer[0m
vpromq01-1     | 2024-07-16 10:23:50.678459+00:00 [info] <0.254.0> Running boot step tracking_metadata_store defined by app rabbit[0m
vpromq01-1     | 2024-07-16 10:23:50.678525+00:00 [info] <0.549.0> Setting up a table for connection tracking on this node: tracked_connection[0m
vpromq01-1     | 2024-07-16 10:23:50.678669+00:00 [info] <0.549.0> Setting up a table for per-vhost connection counting on this node: tracked_connection_per_vhost[0m
vpromq01-1     | 2024-07-16 10:23:50.678822+00:00 [info] <0.549.0> Setting up a table for per-user connection counting on this node: tracked_connection_per_user[0m
vpromq01-1     | 2024-07-16 10:23:50.678875+00:00 [info] <0.549.0> Setting up a table for channel tracking on this node: tracked_channel[0m
vpromq01-1     | 2024-07-16 10:23:50.679085+00:00 [info] <0.549.0> Setting up a table for channel tracking on this node: tracked_channel_per_user[0m
vpromq01-1     | 2024-07-16 10:23:50.679175+00:00 [info] <0.254.0> Running boot step networking_metadata_store defined by app rabbit[0m
vpromq01-1     | 2024-07-16 10:23:50.679350+00:00 [info] <0.254.0> Running boot step feature_flags defined by app rabbit[0m
vpromq01-1     | 2024-07-16 10:23:50.679819+00:00 [info] <0.254.0> Running boot step codec_correctness_check defined by app rabbit[0m
vpromq01-1     | 2024-07-16 10:23:50.679913+00:00 [info] <0.254.0> Running boot step external_infrastructure defined by app rabbit[0m
vpromq01-1     | 2024-07-16 10:23:50.679959+00:00 [info] <0.254.0> Running boot step rabbit_event defined by app rabbit[0m
vpromq01-1     | 2024-07-16 10:23:50.680092+00:00 [info] <0.254.0> Running boot step rabbit_registry defined by app rabbit[0m
vpromq01-1     | 2024-07-16 10:23:50.680267+00:00 [info] <0.254.0> Running boot step rabbit_auth_mechanism_amqplain defined by app rabbit[0m
vpromq01-1     | 2024-07-16 10:23:50.680404+00:00 [info] <0.254.0> Running boot step rabbit_auth_mechanism_cr_demo defined by app rabbit[0m
vpromq01-1     | 2024-07-16 10:23:50.680689+00:00 [info] <0.254.0> Running boot step rabbit_auth_mechanism_plain defined by app rabbit[0m
vpromq01-1     | 2024-07-16 10:23:50.680799+00:00 [info] <0.254.0> Running boot step rabbit_exchange_type_direct defined by app rabbit[0m
vpromq01-1     | 2024-07-16 10:23:50.680844+00:00 [info] <0.254.0> Running boot step rabbit_exchange_type_fanout defined by app rabbit[0m
vpromq01-1     | 2024-07-16 10:23:50.681166+00:00 [info] <0.254.0> Running boot step rabbit_exchange_type_headers defined by app rabbit[0m
vpromq01-1     | 2024-07-16 10:23:50.681303+00:00 [info] <0.254.0> Running boot step rabbit_exchange_type_topic defined by app rabbit[0m
vpromq01-1     | 2024-07-16 10:23:50.681358+00:00 [info] <0.254.0> Running boot step rabbit_mirror_queue_mode_all defined by app rabbit[0m
vpromq01-1     | 2024-07-16 10:23:50.681531+00:00 [info] <0.254.0> Running boot step rabbit_mirror_queue_mode_exactly defined by app rabbit[0m
vpromq01-1     | 2024-07-16 10:23:50.681872+00:00 [info] <0.254.0> Running boot step rabbit_mirror_queue_mode_nodes defined by app rabbit[0m
vpromq01-1     | 2024-07-16 10:23:50.681948+00:00 [info] <0.254.0> Running boot step rabbit_priority_queue defined by app rabbit[0m
vpromq01-1     | 2024-07-16 10:23:50.682122+00:00 [info] <0.254.0> Priority queues enabled, real BQ is rabbit_variable_queue[0m
vpromq01-1     | 2024-07-16 10:23:50.682433+00:00 [info] <0.254.0> Running boot step rabbit_queue_location_client_local defined by app rabbit[0m
vpromq01-1     | 2024-07-16 10:23:50.682651+00:00 [info] <0.254.0> Running boot step rabbit_queue_location_min_masters defined by app rabbit[0m
vpromq01-1     | 2024-07-16 10:23:50.682846+00:00 [info] <0.254.0> Running boot step rabbit_queue_location_random defined by app rabbit[0m
vpromq01-1     | 2024-07-16 10:23:50.682923+00:00 [info] <0.254.0> Running boot step kernel_ready defined by app rabbit[0m
vpromq01-1     | 2024-07-16 10:23:50.682989+00:00 [info] <0.254.0> Running boot step rabbit_sysmon_minder defined by app rabbit[0m
vpromq01-1     | 2024-07-16 10:23:50.683244+00:00 [info] <0.254.0> Running boot step rabbit_epmd_monitor defined by app rabbit[0m
vpromq01-1     | 2024-07-16 10:23:50.683855+00:00 [info] <0.557.0> epmd monitor knows us, inter-node communication (distribution) port: 25672[0m
vpromq01-1     | 2024-07-16 10:23:50.683950+00:00 [info] <0.254.0> Running boot step guid_generator defined by app rabbit[0m
vpromq01-1     | 2024-07-16 10:23:50.685410+00:00 [info] <0.254.0> Running boot step rabbit_node_monitor defined by app rabbit[0m
vpromq01-1     | 2024-07-16 10:23:50.685731+00:00 [info] <0.561.0> Starting rabbit_node_monitor (in ignore mode)[0m
vpromq01-1     | 2024-07-16 10:23:50.685812+00:00 [info] <0.254.0> Running boot step delegate_sup defined by app rabbit[0m
vpromq01-1     | 2024-07-16 10:23:50.686360+00:00 [info] <0.254.0> Running boot step rabbit_memory_monitor defined by app rabbit[0m
vpromq01-1     | 2024-07-16 10:23:50.686633+00:00 [info] <0.254.0> Running boot step rabbit_fifo_dlx_sup defined by app rabbit[0m
vpromq01-1     | 2024-07-16 10:23:50.686743+00:00 [info] <0.254.0> Running boot step core_initialized defined by app rabbit[0m
vpromq01-1     | 2024-07-16 10:23:50.686795+00:00 [info] <0.254.0> Running boot step rabbit_channel_tracking_handler defined by app rabbit[0m
vpromq01-1     | 2024-07-16 10:23:50.687073+00:00 [info] <0.254.0> Running boot step rabbit_connection_tracking_handler defined by app rabbit[0m
vpromq01-1     | 2024-07-16 10:23:50.687219+00:00 [info] <0.254.0> Running boot step rabbit_definitions_hashing defined by app rabbit[0m
vpromq01-1     | 2024-07-16 10:23:50.687303+00:00 [info] <0.254.0> Running boot step rabbit_exchange_parameters defined by app rabbit[0m
vpromq01-1     | 2024-07-16 10:23:50.704205+00:00 [info] <0.254.0> Running boot step rabbit_mirror_queue_misc defined by app rabbit[0m
vpromq01-1     | 2024-07-16 10:23:50.704831+00:00 [info] <0.254.0> Running boot step rabbit_policies defined by app rabbit[0m
vpromq01-1     | 2024-07-16 10:23:50.705287+00:00 [info] <0.254.0> Running boot step rabbit_policy defined by app rabbit[0m
vpromq01-1     | 2024-07-16 10:23:50.705343+00:00 [info] <0.254.0> Running boot step rabbit_queue_location_validator defined by app rabbit[0m
vpromq01-1     | 2024-07-16 10:23:50.705408+00:00 [info] <0.254.0> Running boot step rabbit_quorum_memory_manager defined by app rabbit[0m
vpromq01-1     | 2024-07-16 10:23:50.705591+00:00 [info] <0.254.0> Running boot step rabbit_quorum_queue defined by app rabbit[0m
vpromq01-1     | 2024-07-16 10:23:50.705710+00:00 [info] <0.254.0> Running boot step rabbit_stream_coordinator defined by app rabbit[0m
vpromq01-1     | 2024-07-16 10:23:50.706090+00:00 [info] <0.254.0> Running boot step rabbit_vhost_limit defined by app rabbit[0m
vpromq01-1     | 2024-07-16 10:23:50.706266+00:00 [info] <0.254.0> Running boot step rabbit_federation_parameters defined by app rabbitmq_federation[0m
vpromq01-1     | 2024-07-16 10:23:50.706537+00:00 [info] <0.254.0> Running boot step rabbit_federation_supervisor defined by app rabbitmq_federation[0m
vpromq01-1     | 2024-07-16 10:23:50.711284+00:00 [info] <0.254.0> Running boot step rabbit_federation_queue defined by app rabbitmq_federation[0m
vpromq01-1     | 2024-07-16 10:23:50.711440+00:00 [info] <0.254.0> Running boot step rabbit_federation_upstream_exchange defined by app rabbitmq_federation[0m
vpromq01-1     | 2024-07-16 10:23:50.711535+00:00 [info] <0.254.0> Running boot step rabbit_mgmt_db_handler defined by app rabbitmq_management_agent[0m
vpromq01-1     | 2024-07-16 10:23:50.711598+00:00 [info] <0.254.0> Management plugin: using rates mode 'basic'[0m
vpromq01-1     | 2024-07-16 10:23:50.711950+00:00 [info] <0.254.0> Running boot step recovery defined by app rabbit[0m
vpromq01-1     | 2024-07-16 10:23:50.722579+00:00 [info] <0.254.0> Running boot step empty_db_check defined by app rabbit[0m
vpromq01-1     | 2024-07-16 10:23:50.722623+00:00 [info] <0.254.0> Will seed default virtual host and user...[0m
vpromq01-1     | 2024-07-16 10:23:50.723125+00:00 [info] <0.254.0> Adding vhost '/' (description: 'Default virtual host', tags: [])[0m
vpromq01-1     | 2024-07-16 10:23:50.730475+00:00 [info] <0.621.0> Making sure data directory '/var/lib/rabbitmq/mnesia/rabbit@313128f93d5e/msg_stores/vhosts/628WB79CIFDYO9LJI6DKMI09L' for vhost '/' exists[0m
vpromq01-1     | 2024-07-16 10:23:50.731139+00:00 [info] <0.621.0> Setting segment_entry_count for vhost '/' with 0 queues to '2048'[0m
vpromq01-1     | 2024-07-16 10:23:50.736495+00:00 [info] <0.621.0> Starting message stores for vhost '/'[0m
vpromq01-1     | 2024-07-16 10:23:50.736625+00:00 [info] <0.630.0> Message store "628WB79CIFDYO9LJI6DKMI09L/msg_store_transient": using rabbit_msg_store_ets_index to provide index[0m
vpromq01-1     | 2024-07-16 10:23:50.737570+00:00 [info] <0.621.0> Started message store of type transient for vhost '/'[0m
vpromq01-1     | 2024-07-16 10:23:50.737677+00:00 [info] <0.634.0> Message store "628WB79CIFDYO9LJI6DKMI09L/msg_store_persistent": using rabbit_msg_store_ets_index to provide index[0m
vpromq01-1     | [38;5;214m2024-07-16 10:23:50.738260+00:00 [warning] <0.634.0> Message store "628WB79CIFDYO9LJI6DKMI09L/msg_store_persistent": rebuilding indices from scratch[0m
vpromq01-1     | 2024-07-16 10:23:50.738903+00:00 [info] <0.621.0> Started message store of type persistent for vhost '/'[0m
vpromq01-1     | 2024-07-16 10:23:50.739158+00:00 [info] <0.621.0> Recovering 0 queues of type rabbit_classic_queue took 7ms[0m
vpromq01-1     | 2024-07-16 10:23:50.739208+00:00 [info] <0.621.0> Recovering 0 queues of type rabbit_quorum_queue took 0ms[0m
vpromq01-1     | 2024-07-16 10:23:50.739293+00:00 [info] <0.621.0> Recovering 0 queues of type rabbit_stream_queue took 0ms[0m
vpromq01-1     | 2024-07-16 10:23:50.741991+00:00 [info] <0.254.0> Created user 'guest'[0m
vpromq01-1     | 2024-07-16 10:23:50.743048+00:00 [info] <0.254.0> Successfully set user tags for user 'guest' to [administrator][0m
vpromq01-1     | 2024-07-16 10:23:50.744039+00:00 [info] <0.254.0> Successfully set permissions for user 'guest' in virtual host '/' to '.*', '.*', '.*'[0m
vpromq01-1     | 2024-07-16 10:23:50.744073+00:00 [info] <0.254.0> Running boot step rabbit_observer_cli defined by app rabbit[0m
vpromq01-1     | 2024-07-16 10:23:50.744180+00:00 [info] <0.254.0> Running boot step rabbit_looking_glass defined by app rabbit[0m
vpromq01-1     | 2024-07-16 10:23:50.744218+00:00 [info] <0.254.0> Running boot step rabbit_core_metrics_gc defined by app rabbit[0m
vpromq01-1     | 2024-07-16 10:23:50.744873+00:00 [info] <0.254.0> Running boot step background_gc defined by app rabbit[0m
vpromq01-1     | 2024-07-16 10:23:50.745135+00:00 [info] <0.254.0> Running boot step routing_ready defined by app rabbit[0m
vpromq01-1     | 2024-07-16 10:23:50.745186+00:00 [info] <0.254.0> Running boot step pre_flight defined by app rabbit[0m
vpromq01-1     | 2024-07-16 10:23:50.745228+00:00 [info] <0.254.0> Running boot step notify_cluster defined by app rabbit[0m
vpromq01-1     | 2024-07-16 10:23:50.745517+00:00 [info] <0.254.0> Running boot step networking defined by app rabbit[0m
vpromq01-1     | 2024-07-16 10:23:50.745780+00:00 [info] <0.254.0> Running boot step rabbit_quorum_queue_periodic_membership_reconciliation defined by app rabbit[0m
vpromq01-1     | 2024-07-16 10:23:50.746135+00:00 [info] <0.254.0> Running boot step definition_import_worker_pool defined by app rabbit[0m
vpromq01-1     | 2024-07-16 10:23:50.746196+00:00 [info] <0.315.0> Starting worker pool 'definition_import_pool' with 2 processes in it[0m
vpromq01-1     | 2024-07-16 10:23:50.746660+00:00 [info] <0.254.0> Running boot step cluster_name defined by app rabbit[0m
vpromq01-1     | 2024-07-16 10:23:50.746717+00:00 [info] <0.254.0> Initialising internal cluster ID to 'rabbitmq-cluster-id-3HSqhZzLm1TVrzFO7nrFQQ'[0m
vpromq01-1     | 2024-07-16 10:23:50.747895+00:00 [info] <0.254.0> Running boot step virtual_host_reconciliation defined by app rabbit[0m
vpromq01-1     | 2024-07-16 10:23:50.748150+00:00 [info] <0.254.0> Running boot step direct_client defined by app rabbit[0m
vpromq01-1     | 2024-07-16 10:23:50.748381+00:00 [info] <0.254.0> Running boot step rabbit_federation_exchange defined by app rabbitmq_federation[0m
vpromq01-1     | 2024-07-16 10:23:50.748731+00:00 [info] <0.669.0> Resetting node maintenance status[0m
vpromq01-1     | 2024-07-16 10:23:52.496405+00:00 [info] <0.707.0> Prometheus metrics: HTTP (non-TLS) listener started on port 15692[0m
vpromq01-1     | 2024-07-16 10:23:52.496496+00:00 [info] <0.669.0> Ready to start client connection listeners[0m
vpromq01-1     | 2024-07-16 10:23:52.497604+00:00 [info] <0.751.0> started TCP listener on [::]:5672[0m
vpromq01-1     |  completed with 4 plugins.
vpromq01-1     | 2024-07-16 10:23:52.562074+00:00 [info] <0.669.0> Server startup complete; 4 plugins started.[0m
vpromq01-1     | 2024-07-16 10:23:52.562074+00:00 [info] <0.669.0>  * rabbitmq_prometheus[0m
vpromq01-1     | 2024-07-16 10:23:52.562074+00:00 [info] <0.669.0>  * rabbitmq_federation[0m
vpromq01-1     | 2024-07-16 10:23:52.562074+00:00 [info] <0.669.0>  * rabbitmq_management_agent[0m
vpromq01-1     | 2024-07-16 10:23:52.562074+00:00 [info] <0.669.0>  * rabbitmq_web_dispatch[0m
vpromq01-1     | 2024-07-16 10:23:52.764102+00:00 [info] <0.9.0> Time to start RabbitMQ: 6148 ms[0m
vproapp        | 16-Jul-2024 10:28:19.010 INFO [Thread-1] org.apache.coyote.AbstractProtocol.pause Pausing ProtocolHandler ["http-nio-8080"]
vproapp        | 16-Jul-2024 10:28:19.019 INFO [Thread-1] org.apache.catalina.core.StandardService.stopInternal Stopping service [Catalina]
vpromq01-1     | [38;5;87m2024-07-16 10:28:19.018706+00:00 [notice] <0.64.0> SIGTERM received - shutting down[0m
vpromq01-1     | [38;5;87m2024-07-16 10:28:19.018706+00:00 [notice] <0.64.0> [0m
vpromq01-1     | [38;5;214m2024-07-16 10:28:19.019740+00:00 [warning] <0.684.0> HTTP listener registry could not find context rabbitmq_prometheus_tls[0m
vpromq01-1     | 2024-07-16 10:28:19.026039+00:00 [info] <0.751.0> stopped TCP listener on [::]:5672[0m
vpromq01-1     | 2024-07-16 10:28:19.027292+00:00 [info] <0.621.0> Virtual host '/' is stopping[0m
vpromq01-1     | 2024-07-16 10:28:19.027371+00:00 [info] <0.790.0> Closing all connections in vhost '/' on node 'rabbit@313128f93d5e' because the vhost is stopping[0m
vpromq01-1     | 2024-07-16 10:28:19.027463+00:00 [info] <0.634.0> Stopping message store for directory '/var/lib/rabbitmq/mnesia/rabbit@313128f93d5e/msg_stores/vhosts/628WB79CIFDYO9LJI6DKMI09L/msg_store_persistent'[0m
vproapp        | 16-Jul-2024 10:28:19.029 INFO [Thread-1] org.apache.coyote.AbstractProtocol.stop Stopping ProtocolHandler ["http-nio-8080"]
vpromq01-1     | 2024-07-16 10:28:19.031945+00:00 [info] <0.634.0> Message store for directory '/var/lib/rabbitmq/mnesia/rabbit@313128f93d5e/msg_stores/vhosts/628WB79CIFDYO9LJI6DKMI09L/msg_store_persistent' is stopped[0m
vpromq01-1     | 2024-07-16 10:28:19.032108+00:00 [info] <0.630.0> Stopping message store for directory '/var/lib/rabbitmq/mnesia/rabbit@313128f93d5e/msg_stores/vhosts/628WB79CIFDYO9LJI6DKMI09L/msg_store_transient'[0m
vpromq01-1     | 2024-07-16 10:28:19.034115+00:00 [info] <0.630.0> Message store for directory '/var/lib/rabbitmq/mnesia/rabbit@313128f93d5e/msg_stores/vhosts/628WB79CIFDYO9LJI6DKMI09L/msg_store_transient' is stopped[0m
vprodb         | 2024-07-16T10:28:19.039598Z 0 [System] [MY-013172] [Server] Received SHUTDOWN from user <via user signal>. Shutting down mysqld (Version: 8.0.33).
vproweb        | 2024/07/16 10:28:19 [notice] 1#1: signal 3 (SIGQUIT) received, shutting down
vproweb        | 2024/07/16 10:28:19 [notice] 29#29: gracefully shutting down
vproweb        | 2024/07/16 10:28:19 [notice] 29#29: exiting
vproweb        | 2024/07/16 10:28:19 [notice] 29#29: exit
vproweb        | 2024/07/16 10:28:19 [notice] 30#30: gracefully shutting down
vproweb        | 2024/07/16 10:28:19 [notice] 30#30: exiting
vproweb        | 2024/07/16 10:28:19 [notice] 30#30: exit
vproapp        | 16-Jul-2024 10:28:19.054 INFO [Thread-1] org.apache.coyote.AbstractProtocol.destroy Destroying ProtocolHandler ["http-nio-8080"]
vpromq01-1     | [38;5;87m2024-07-16 10:28:19.062288+00:00 [notice] <0.86.0>     alarm_handler: {clear,system_memory_high_watermark}[0m
vproweb        | 2024/07/16 10:28:19 [notice] 1#1: signal 17 (SIGCHLD) received from 30
vproweb        | 2024/07/16 10:28:19 [notice] 1#1: worker process 30 exited with code 0
vproweb        | 2024/07/16 10:28:19 [notice] 1#1: signal 29 (SIGIO) received
vproweb        | 2024/07/16 10:28:19 [notice] 1#1: signal 17 (SIGCHLD) received from 29
vproweb        | 2024/07/16 10:28:19 [notice] 1#1: worker process 29 exited with code 0
vproweb        | 2024/07/16 10:28:19 [notice] 1#1: exit
[Kvproapp exited with code 143
[Kvproweb exited with code 0
[Kvprocache01-1 exited with code 0
[Kvpromq01-1 exited with code 0
vprodb         | 2024-07-16T10:28:20.485968Z 0 [System] [MY-010910] [Server] /usr/sbin/mysqld: Shutdown complete (mysqld 8.0.33)  MySQL Community Server - GPL.
[Kvprodb exited with code 0
